2020-02-07 12:28:00,786 DEBUG [oqs_afw] command line arguments parsed: ProgramArgs { loglevel: Debug, command: Attack(AttackOptions { attack: MemcmpFrodoCrackS { params: FrodoKem1344aes, warmup: 2000, profiling: 5000, iterations: 2500, save_to_file: Some("data/profiling-1344-laptop-countminval-10000-5000-3.csv"), measure_source: External } }) }
2020-02-07 12:28:00,786 INFO  [oqs_afw::attack::memcmp_frodo::crack_s] Launching the crack_s routine against FrodoKem1344aes MEMCMP vulnerability.
2020-02-07 12:28:00,789 INFO  [oqs_afw::attack::memcmp_frodo::crack_s] Generating keypair
2020-02-07 12:28:00,804 INFO  [oqs_afw::attack::memcmp_frodo] Setting CPU affinity to core: CoreId { id: 0 }, other candidates were: []
2020-02-07 12:28:00,806 INFO  [oqs_afw::attack::memcmp_frodo::crack_s] Using encaps to generate ciphertext number: 0
2020-02-07 12:28:00,816 INFO  [oqs_afw::attack::memcmp_frodo::crack_s] Starting 2000 warmup iterations without modifications in order to detect a good cutoff value
2020-02-07 12:28:22,876 INFO  [oqs_afw::attack::memcmp_frodo::crack_s] using 12677511 as the cutoff value to remove outliers (minimum warmup latency: 12627777, mean: 12652644).
2020-02-07 12:28:22,879 INFO  [oqs_afw::attack::memcmp_frodo::crack_s] Starting binary search for Eppp[7,0], expect to find x0 = 2020
2020-02-07 12:28:22,882 DEBUG [oqs_afw::attack::memcmp_frodo::crack_s] C[56/63] => Testing adding 1 to C[56] with 5000 iterations.
2020-02-07 12:29:18,112 INFO  [oqs_afw::attack::memcmp_frodo::crack_s] using 12636200 as the valuelimit below which we calculate the percentage of the number of measurments.
2020-02-07 12:29:18,114 DEBUG [oqs_afw::attack::memcmp_frodo::crack_s] percentage measurment is 0.9892827699917559
2020-02-07 12:29:18,114 DEBUG [oqs_afw::attack::memcmp_frodo::crack_s] Saving measurments to file "data/profiling-1344-laptop-countminval-10000-5000-3.csv"
2020-02-07 12:29:18,116 INFO  [oqs_afw::attack::memcmp_frodo::crack_s] C[56/63] => Percentage of values below limit for high amount of modifications: 0.9892827699917559
2020-02-07 12:29:18,118 DEBUG [oqs_afw::attack::memcmp_frodo::crack_s] C[56/63] => Testing adding 4095 to C[56] with 5000 iterations.
2020-02-07 12:30:13,741 INFO  [oqs_afw::attack::memcmp_frodo::crack_s] using 12636200 as the range we use as the 1%-based sanity checks for all measurments.
2020-02-07 12:30:13,745 DEBUG [oqs_afw::attack::memcmp_frodo::crack_s] percentage measurment is 21.833068000909712
2020-02-07 12:30:13,745 DEBUG [oqs_afw::attack::memcmp_frodo::crack_s] Saving measurments to file "data/profiling-1344-laptop-countminval-10000-5000-3.csv"
2020-02-07 12:30:13,746 INFO  [oqs_afw::attack::memcmp_frodo::crack_s] C[56/63] => Percentage of values below limit for low amount of modifications: 21.833068000909712
2020-02-07 12:30:13,749 INFO  [oqs_afw::attack::memcmp_frodo::crack_s] New threshold is: Threshold { goodhighrange: 16.622121693180222.., goodlowrange: ..6.200229077721245, midpoint: 11.411175385450733 } (diff: 20.843785230917955)
2020-02-07 12:30:13,754 DEBUG [oqs_afw::attack::memcmp_frodo::crack_s] C[56/63] => Testing adding 2048 to C[56] with 2500 iterations.
2020-02-07 12:30:41,315 DEBUG [oqs_afw::attack::memcmp_frodo::crack_s] percentage measurment is 19.544900446972775
2020-02-07 12:30:41,316 DEBUG [oqs_afw::attack::memcmp_frodo::crack_s] Saving measurments to file "data/profiling-1344-laptop-countminval-10000-5000-3.csv"
2020-02-07 12:30:41,318 INFO  [oqs_afw::attack::memcmp_frodo::crack_s] C[56/63] => -Lowering upperbound to 2048
2020-02-07 12:30:41,321 DEBUG [oqs_afw::attack::memcmp_frodo::crack_s] Skewing the binsearch uwards, 2048 - (2048 - 0) / 8 = 1792
2020-02-07 12:30:41,321 DEBUG [oqs_afw::attack::memcmp_frodo::crack_s] C[56/63] => Testing adding 1792 to C[56] with 2500 iterations.
2020-02-07 12:31:08,887 DEBUG [oqs_afw::attack::memcmp_frodo::crack_s] percentage measurment is 1.2515139281388776
2020-02-07 12:31:08,887 DEBUG [oqs_afw::attack::memcmp_frodo::crack_s] Saving measurments to file "data/profiling-1344-laptop-countminval-10000-5000-3.csv"
2020-02-07 12:31:08,890 INFO  [oqs_afw::attack::memcmp_frodo::crack_s] C[56/63] => +Raising lowerbound to 1792
2020-02-07 12:31:08,893 DEBUG [oqs_afw::attack::memcmp_frodo::crack_s] C[56/63] => Testing adding 1920 to C[56] with 2500 iterations.
2020-02-07 12:31:36,458 DEBUG [oqs_afw::attack::memcmp_frodo::crack_s] percentage measurment is 1.4187271990271584
2020-02-07 12:31:36,458 DEBUG [oqs_afw::attack::memcmp_frodo::crack_s] Saving measurments to file "data/profiling-1344-laptop-countminval-10000-5000-3.csv"
2020-02-07 12:31:36,461 INFO  [oqs_afw::attack::memcmp_frodo::crack_s] C[56/63] => +Raising lowerbound to 1920
2020-02-07 12:31:36,464 DEBUG [oqs_afw::attack::memcmp_frodo::crack_s] C[56/63] => Testing adding 1984 to C[56] with 2500 iterations.
2020-02-07 12:32:04,032 DEBUG [oqs_afw::attack::memcmp_frodo::crack_s] percentage measurment is 2.1061158363710004
2020-02-07 12:32:04,032 DEBUG [oqs_afw::attack::memcmp_frodo::crack_s] Saving measurments to file "data/profiling-1344-laptop-countminval-10000-5000-3.csv"
2020-02-07 12:32:04,035 INFO  [oqs_afw::attack::memcmp_frodo::crack_s] C[56/63] => +Raising lowerbound to 1984
2020-02-07 12:32:04,039 WARN  [oqs_afw::attack::memcmp_frodo::crack_s] Upperbound (2048) has not changed for a while, it might be erronous, let's check it again
2020-02-07 12:32:04,042 DEBUG [oqs_afw::attack::memcmp_frodo::crack_s] C[56/63] => Testing adding 2048 to C[56] with 2500 iterations.
2020-02-07 12:32:32,034 DEBUG [oqs_afw::attack::memcmp_frodo::crack_s] percentage measurment is 25.71067593177511
2020-02-07 12:32:32,034 DEBUG [oqs_afw::attack::memcmp_frodo::crack_s] Saving measurments to file "data/profiling-1344-laptop-countminval-10000-5000-3.csv"
2020-02-07 12:32:32,038 INFO  [oqs_afw::attack::memcmp_frodo::crack_s] C[56/63] => Confirmed upperbound 2048!
2020-02-07 12:32:32,041 DEBUG [oqs_afw::attack::memcmp_frodo::crack_s] C[56/63] => Testing adding 2016 to C[56] with 2500 iterations.
2020-02-07 12:32:59,609 DEBUG [oqs_afw::attack::memcmp_frodo::crack_s] percentage measurment is 1.2126111560226354
2020-02-07 12:32:59,609 DEBUG [oqs_afw::attack::memcmp_frodo::crack_s] Saving measurments to file "data/profiling-1344-laptop-countminval-10000-5000-3.csv"
2020-02-07 12:32:59,614 INFO  [oqs_afw::attack::memcmp_frodo::crack_s] C[56/63] => +Raising lowerbound to 2016
2020-02-07 12:32:59,617 DEBUG [oqs_afw::attack::memcmp_frodo::crack_s] C[56/63] => Testing adding 2032 to C[56] with 2500 iterations.
2020-02-07 12:33:27,175 DEBUG [oqs_afw::attack::memcmp_frodo::crack_s] percentage measurment is 21.55519742143433
2020-02-07 12:33:27,175 DEBUG [oqs_afw::attack::memcmp_frodo::crack_s] Saving measurments to file "data/profiling-1344-laptop-countminval-10000-5000-3.csv"
2020-02-07 12:33:27,180 INFO  [oqs_afw::attack::memcmp_frodo::crack_s] C[56/63] => -Lowering upperbound to 2032
2020-02-07 12:33:27,183 DEBUG [oqs_afw::attack::memcmp_frodo::crack_s] C[56/63] => Testing adding 2024 to C[56] with 2500 iterations.
2020-02-07 12:33:54,745 DEBUG [oqs_afw::attack::memcmp_frodo::crack_s] percentage measurment is 23.51495288816059
2020-02-07 12:33:54,745 DEBUG [oqs_afw::attack::memcmp_frodo::crack_s] Saving measurments to file "data/profiling-1344-laptop-countminval-10000-5000-3.csv"
2020-02-07 12:33:54,750 INFO  [oqs_afw::attack::memcmp_frodo::crack_s] C[56/63] => -Lowering upperbound to 2024
2020-02-07 12:33:54,753 DEBUG [oqs_afw::attack::memcmp_frodo::crack_s] C[56/63] => Testing adding 2020 to C[56] with 2500 iterations.
2020-02-07 12:34:22,313 ERROR [oqs_afw::attack::memcmp_frodo::crack_s] Sanity check failed: 12626576 not in range 12629803..12638332
2020-02-07 12:34:22,316 WARN  [oqs_afw::attack::memcmp_frodo::crack_s] Retrying the search since we didn't get any results.
2020-02-07 12:34:22,319 INFO  [oqs_afw::attack::memcmp_frodo::crack_s] Starting 2000 warmup iterations without modifications in order to detect a good cutoff value
2020-02-07 12:34:44,379 INFO  [oqs_afw::attack::memcmp_frodo::crack_s] using 12679578 as the cutoff value to remove outliers (minimum warmup latency: 12629052, mean: 12654315).
2020-02-07 12:34:44,382 INFO  [oqs_afw::attack::memcmp_frodo::crack_s] Starting binary search for Eppp[7,0], expect to find x0 = 2020
2020-02-07 12:34:44,386 DEBUG [oqs_afw::attack::memcmp_frodo::crack_s] C[56/63] => Testing adding 1 to C[56] with 5000 iterations.
2020-02-07 12:35:39,535 INFO  [oqs_afw::attack::memcmp_frodo::crack_s] using 12636371 as the valuelimit below which we calculate the percentage of the number of measurments.
2020-02-07 12:35:39,539 DEBUG [oqs_afw::attack::memcmp_frodo::crack_s] percentage measurment is 0.9869802603947921
2020-02-07 12:35:39,539 DEBUG [oqs_afw::attack::memcmp_frodo::crack_s] Saving measurments to file "data/profiling-1344-laptop-countminval-10000-5000-3.csv"
2020-02-07 12:35:39,545 INFO  [oqs_afw::attack::memcmp_frodo::crack_s] C[56/63] => Percentage of values below limit for high amount of modifications: 0.9869802603947921
2020-02-07 12:35:39,548 DEBUG [oqs_afw::attack::memcmp_frodo::crack_s] C[56/63] => Testing adding 4095 to C[56] with 5000 iterations.
2020-02-07 12:36:34,671 INFO  [oqs_afw::attack::memcmp_frodo::crack_s] using 12636371 as the range we use as the 1%-based sanity checks for all measurments.
2020-02-07 12:36:34,675 DEBUG [oqs_afw::attack::memcmp_frodo::crack_s] percentage measurment is 21.995094031071137
2020-02-07 12:36:34,675 DEBUG [oqs_afw::attack::memcmp_frodo::crack_s] Saving measurments to file "data/profiling-1344-laptop-countminval-10000-5000-3.csv"
2020-02-07 12:36:34,682 INFO  [oqs_afw::attack::memcmp_frodo::crack_s] C[56/63] => Percentage of values below limit for low amount of modifications: 21.995094031071137
2020-02-07 12:36:34,685 INFO  [oqs_afw::attack::memcmp_frodo::crack_s] New threshold is: Threshold { goodhighrange: 16.74306558840205.., goodlowrange: ..6.239008703063878, midpoint: 11.491037145732966 } (diff: 21.008113770676346)
2020-02-07 12:36:34,690 DEBUG [oqs_afw::attack::memcmp_frodo::crack_s] C[56/63] => Testing adding 2048 to C[56] with 2500 iterations.
2020-02-07 12:37:02,252 DEBUG [oqs_afw::attack::memcmp_frodo::crack_s] percentage measurment is 28.23813354786806
2020-02-07 12:37:02,252 DEBUG [oqs_afw::attack::memcmp_frodo::crack_s] Saving measurments to file "data/profiling-1344-laptop-countminval-10000-5000-3.csv"
2020-02-07 12:37:02,259 INFO  [oqs_afw::attack::memcmp_frodo::crack_s] C[56/63] => -Lowering upperbound to 2048
2020-02-07 12:37:02,263 DEBUG [oqs_afw::attack::memcmp_frodo::crack_s] Skewing the binsearch uwards, 2048 - (2048 - 0) / 8 = 1792
2020-02-07 12:37:02,263 DEBUG [oqs_afw::attack::memcmp_frodo::crack_s] C[56/63] => Testing adding 1792 to C[56] with 2500 iterations.
2020-02-07 12:37:29,832 DEBUG [oqs_afw::attack::memcmp_frodo::crack_s] percentage measurment is 1.7107942973523422
2020-02-07 12:37:29,832 DEBUG [oqs_afw::attack::memcmp_frodo::crack_s] Saving measurments to file "data/profiling-1344-laptop-countminval-10000-5000-3.csv"
2020-02-07 12:37:29,840 INFO  [oqs_afw::attack::memcmp_frodo::crack_s] C[56/63] => +Raising lowerbound to 1792
2020-02-07 12:37:29,844 DEBUG [oqs_afw::attack::memcmp_frodo::crack_s] C[56/63] => Testing adding 1920 to C[56] with 2500 iterations.
2020-02-07 12:37:57,419 DEBUG [oqs_afw::attack::memcmp_frodo::crack_s] percentage measurment is 1.2290045063498567
2020-02-07 12:37:57,419 DEBUG [oqs_afw::attack::memcmp_frodo::crack_s] Saving measurments to file "data/profiling-1344-laptop-countminval-10000-5000-3.csv"
2020-02-07 12:37:57,428 INFO  [oqs_afw::attack::memcmp_frodo::crack_s] C[56/63] => +Raising lowerbound to 1920
2020-02-07 12:37:57,431 DEBUG [oqs_afw::attack::memcmp_frodo::crack_s] C[56/63] => Testing adding 1984 to C[56] with 2500 iterations.
2020-02-07 12:38:25,000 DEBUG [oqs_afw::attack::memcmp_frodo::crack_s] percentage measurment is 1.333872271624899
2020-02-07 12:38:25,000 DEBUG [oqs_afw::attack::memcmp_frodo::crack_s] Saving measurments to file "data/profiling-1344-laptop-countminval-10000-5000-3.csv"
2020-02-07 12:38:25,009 INFO  [oqs_afw::attack::memcmp_frodo::crack_s] C[56/63] => +Raising lowerbound to 1984
2020-02-07 12:38:25,013 WARN  [oqs_afw::attack::memcmp_frodo::crack_s] Upperbound (2048) has not changed for a while, it might be erronous, let's check it again
2020-02-07 12:38:25,016 DEBUG [oqs_afw::attack::memcmp_frodo::crack_s] C[56/63] => Testing adding 2048 to C[56] with 2500 iterations.
2020-02-07 12:38:52,583 DEBUG [oqs_afw::attack::memcmp_frodo::crack_s] percentage measurment is 22.59380097879282
2020-02-07 12:38:52,583 DEBUG [oqs_afw::attack::memcmp_frodo::crack_s] Saving measurments to file "data/profiling-1344-laptop-countminval-10000-5000-3.csv"
2020-02-07 12:38:52,592 INFO  [oqs_afw::attack::memcmp_frodo::crack_s] C[56/63] => Confirmed upperbound 2048!
2020-02-07 12:38:52,596 DEBUG [oqs_afw::attack::memcmp_frodo::crack_s] C[56/63] => Testing adding 2016 to C[56] with 2500 iterations.
2020-02-07 12:39:20,256 DEBUG [oqs_afw::attack::memcmp_frodo::crack_s] percentage measurment is 1.511437908496732
2020-02-07 12:39:20,256 DEBUG [oqs_afw::attack::memcmp_frodo::crack_s] Saving measurments to file "data/profiling-1344-laptop-countminval-10000-5000-3.csv"
2020-02-07 12:39:20,266 INFO  [oqs_afw::attack::memcmp_frodo::crack_s] C[56/63] => +Raising lowerbound to 2016
2020-02-07 12:39:20,269 DEBUG [oqs_afw::attack::memcmp_frodo::crack_s] C[56/63] => Testing adding 2032 to C[56] with 2500 iterations.
2020-02-07 12:39:48,710 DEBUG [oqs_afw::attack::memcmp_frodo::crack_s] percentage measurment is 26.004228329809724
2020-02-07 12:39:48,710 DEBUG [oqs_afw::attack::memcmp_frodo::crack_s] Saving measurments to file "data/profiling-1344-laptop-countminval-10000-5000-3.csv"
2020-02-07 12:39:48,720 INFO  [oqs_afw::attack::memcmp_frodo::crack_s] C[56/63] => -Lowering upperbound to 2032
2020-02-07 12:39:48,724 DEBUG [oqs_afw::attack::memcmp_frodo::crack_s] C[56/63] => Testing adding 2024 to C[56] with 2500 iterations.
2020-02-07 12:40:16,502 DEBUG [oqs_afw::attack::memcmp_frodo::crack_s] percentage measurment is 26.85851318944844
2020-02-07 12:40:16,502 DEBUG [oqs_afw::attack::memcmp_frodo::crack_s] Saving measurments to file "data/profiling-1344-laptop-countminval-10000-5000-3.csv"
2020-02-07 12:40:16,513 INFO  [oqs_afw::attack::memcmp_frodo::crack_s] C[56/63] => -Lowering upperbound to 2024
2020-02-07 12:40:16,516 DEBUG [oqs_afw::attack::memcmp_frodo::crack_s] C[56/63] => Testing adding 2020 to C[56] with 2500 iterations.
2020-02-07 12:40:44,076 DEBUG [oqs_afw::attack::memcmp_frodo::crack_s] percentage measurment is 16.02409638554217
2020-02-07 12:40:44,076 DEBUG [oqs_afw::attack::memcmp_frodo::crack_s] Saving measurments to file "data/profiling-1344-laptop-countminval-10000-5000-3.csv"
2020-02-07 12:40:44,087 ERROR [oqs_afw::attack::memcmp_frodo::crack_s] percentage 16.02409638554217 outside of expected ranges: Threshold { goodhighrange: 16.74306558840205.., goodlowrange: ..6.239008703063878, midpoint: 11.491037145732966 }
2020-02-07 12:40:44,094 WARN  [oqs_afw::attack::memcmp_frodo::crack_s] Adding more measurments of the same modification!
2020-02-07 12:40:44,095 DEBUG [oqs_afw::attack::memcmp_frodo::crack_s] C[56/63] => Testing adding 2020 to C[56] with 2500 iterations.
2020-02-07 12:41:11,660 DEBUG [oqs_afw::attack::memcmp_frodo::crack_s] percentage measurment is 18.374414341006315
2020-02-07 12:41:11,660 DEBUG [oqs_afw::attack::memcmp_frodo::crack_s] Saving measurments to file "data/profiling-1344-laptop-countminval-10000-5000-3.csv"
2020-02-07 12:41:11,672 INFO  [oqs_afw::attack::memcmp_frodo::crack_s] C[56/63] => -Lowering upperbound to 2020
2020-02-07 12:41:11,675 WARN  [oqs_afw::attack::memcmp_frodo::crack_s] Lowerbound (2016) has not changed for a while, it might be erronous, let's check it again
2020-02-07 12:41:11,679 DEBUG [oqs_afw::attack::memcmp_frodo::crack_s] C[56/63] => Testing adding 2016 to C[56] with 2500 iterations.
2020-02-07 12:41:39,246 DEBUG [oqs_afw::attack::memcmp_frodo::crack_s] percentage measurment is 0.5642885933091495
2020-02-07 12:41:39,246 DEBUG [oqs_afw::attack::memcmp_frodo::crack_s] Saving measurments to file "data/profiling-1344-laptop-countminval-10000-5000-3.csv"
2020-02-07 12:41:39,258 INFO  [oqs_afw::attack::memcmp_frodo::crack_s] C[56/63] => Confirmed lowerbound 2016!
2020-02-07 12:41:39,262 DEBUG [oqs_afw::attack::memcmp_frodo::crack_s] C[56/63] => Testing adding 2018 to C[56] with 2500 iterations.
2020-02-07 12:42:07,056 DEBUG [oqs_afw::attack::memcmp_frodo::crack_s] percentage measurment is 0.7422068283028204
2020-02-07 12:42:07,056 DEBUG [oqs_afw::attack::memcmp_frodo::crack_s] Saving measurments to file "data/profiling-1344-laptop-countminval-10000-5000-3.csv"
2020-02-07 12:42:07,068 INFO  [oqs_afw::attack::memcmp_frodo::crack_s] C[56/63] => +Raising lowerbound to 2018
2020-02-07 12:42:07,072 DEBUG [oqs_afw::attack::memcmp_frodo::crack_s] C[56/63] => Testing adding 2019 to C[56] with 2500 iterations.
2020-02-07 12:42:34,639 DEBUG [oqs_afw::attack::memcmp_frodo::crack_s] percentage measurment is 1.2872083668543846
2020-02-07 12:42:34,639 DEBUG [oqs_afw::attack::memcmp_frodo::crack_s] Saving measurments to file "data/profiling-1344-laptop-countminval-10000-5000-3.csv"
2020-02-07 12:42:34,652 INFO  [oqs_afw::attack::memcmp_frodo::crack_s] C[56/63] => +Raising lowerbound to 2019
2020-02-07 12:42:34,655 INFO  [oqs_afw::attack::memcmp_frodo::crack_s] Found -Eppp[7,0]=28 expected: 28. Current success rate is: 1/1=100
2020-02-07 12:42:34,659 INFO  [oqs_afw::attack::memcmp_frodo::crack_s] Starting 2000 warmup iterations without modifications in order to detect a good cutoff value
2020-02-07 12:42:56,715 INFO  [oqs_afw::attack::memcmp_frodo::crack_s] using 12671608 as the cutoff value to remove outliers (minimum warmup latency: 12627542, mean: 12649575).
2020-02-07 12:42:56,719 INFO  [oqs_afw::attack::memcmp_frodo::crack_s] Starting binary search for Eppp[7,1], expect to find x0 = 1900
2020-02-07 12:42:56,722 DEBUG [oqs_afw::attack::memcmp_frodo::crack_s] C[57/63] => Testing adding 1 to C[57] with 5000 iterations.
2020-02-07 12:43:51,856 INFO  [oqs_afw::attack::memcmp_frodo::crack_s] using 12636604 as the valuelimit below which we calculate the percentage of the number of measurments.
2020-02-07 12:43:51,860 DEBUG [oqs_afw::attack::memcmp_frodo::crack_s] percentage measurment is 0.9923506305561299
2020-02-07 12:43:51,860 DEBUG [oqs_afw::attack::memcmp_frodo::crack_s] Saving measurments to file "data/profiling-1344-laptop-countminval-10000-5000-3.csv"
2020-02-07 12:43:51,874 INFO  [oqs_afw::attack::memcmp_frodo::crack_s] C[57/63] => Percentage of values below limit for high amount of modifications: 0.9923506305561299
2020-02-07 12:43:51,877 DEBUG [oqs_afw::attack::memcmp_frodo::crack_s] C[57/63] => Testing adding 4095 to C[57] with 5000 iterations.
2020-02-07 12:44:47,001 INFO  [oqs_afw::attack::memcmp_frodo::crack_s] using 12636604 as the range we use as the 1%-based sanity checks for all measurments.
2020-02-07 12:44:47,005 DEBUG [oqs_afw::attack::memcmp_frodo::crack_s] percentage measurment is 25.19005547565235
2020-02-07 12:44:47,005 DEBUG [oqs_afw::attack::memcmp_frodo::crack_s] Saving measurments to file "data/profiling-1344-laptop-countminval-10000-5000-3.csv"
2020-02-07 12:44:47,019 INFO  [oqs_afw::attack::memcmp_frodo::crack_s] C[57/63] => Percentage of values below limit for low amount of modifications: 25.19005547565235
2020-02-07 12:44:47,023 INFO  [oqs_afw::attack::memcmp_frodo::crack_s] New threshold is: Threshold { goodhighrange: 19.140629264378294.., goodlowrange: ..7.041776841830186, midpoint: 13.091203053104241 } (diff: 24.197704845096222)
2020-02-07 12:44:47,028 DEBUG [oqs_afw::attack::memcmp_frodo::crack_s] C[57/63] => Testing adding 2048 to C[57] with 2500 iterations.
2020-02-07 12:45:14,589 DEBUG [oqs_afw::attack::memcmp_frodo::crack_s] percentage measurment is 24.08699220352893
2020-02-07 12:45:14,589 DEBUG [oqs_afw::attack::memcmp_frodo::crack_s] Saving measurments to file "data/profiling-1344-laptop-countminval-10000-5000-3.csv"
2020-02-07 12:45:14,604 INFO  [oqs_afw::attack::memcmp_frodo::crack_s] C[57/63] => -Lowering upperbound to 2048
2020-02-07 12:45:14,607 DEBUG [oqs_afw::attack::memcmp_frodo::crack_s] Skewing the binsearch uwards, 2048 - (2048 - 0) / 8 = 1792
2020-02-07 12:45:14,608 DEBUG [oqs_afw::attack::memcmp_frodo::crack_s] C[57/63] => Testing adding 1792 to C[57] with 2500 iterations.
2020-02-07 12:45:42,180 DEBUG [oqs_afw::attack::memcmp_frodo::crack_s] percentage measurment is 1.2023217247097846
2020-02-07 12:45:42,180 DEBUG [oqs_afw::attack::memcmp_frodo::crack_s] Saving measurments to file "data/profiling-1344-laptop-countminval-10000-5000-3.csv"
2020-02-07 12:45:42,195 INFO  [oqs_afw::attack::memcmp_frodo::crack_s] C[57/63] => +Raising lowerbound to 1792
2020-02-07 12:45:42,199 DEBUG [oqs_afw::attack::memcmp_frodo::crack_s] C[57/63] => Testing adding 1920 to C[57] with 2500 iterations.
2020-02-07 12:46:09,761 ERROR [oqs_afw::attack::memcmp_frodo::crack_s] Sanity check failed: 12626113 not in range 12629658..12638919
2020-02-07 12:46:09,765 WARN  [oqs_afw::attack::memcmp_frodo::crack_s] Retrying the search since we didn't get any results.
2020-02-07 12:46:09,768 INFO  [oqs_afw::attack::memcmp_frodo::crack_s] Starting 2000 warmup iterations without modifications in order to detect a good cutoff value
2020-02-07 12:46:31,830 INFO  [oqs_afw::attack::memcmp_frodo::crack_s] using 12682324 as the cutoff value to remove outliers (minimum warmup latency: 12628656, mean: 12655490).
2020-02-07 12:46:31,833 INFO  [oqs_afw::attack::memcmp_frodo::crack_s] Starting binary search for Eppp[7,1], expect to find x0 = 1900
2020-02-07 12:46:31,837 DEBUG [oqs_afw::attack::memcmp_frodo::crack_s] C[57/63] => Testing adding 1 to C[57] with 5000 iterations.
2020-02-07 12:47:26,976 INFO  [oqs_afw::attack::memcmp_frodo::crack_s] using 12636269 as the valuelimit below which we calculate the percentage of the number of measurments.
2020-02-07 12:47:26,980 DEBUG [oqs_afw::attack::memcmp_frodo::crack_s] percentage measurment is 0.9917020845982595
2020-02-07 12:47:26,980 DEBUG [oqs_afw::attack::memcmp_frodo::crack_s] Saving measurments to file "data/profiling-1344-laptop-countminval-10000-5000-3.csv"
2020-02-07 12:47:26,996 INFO  [oqs_afw::attack::memcmp_frodo::crack_s] C[57/63] => Percentage of values below limit for high amount of modifications: 0.9917020845982595
2020-02-07 12:47:26,999 DEBUG [oqs_afw::attack::memcmp_frodo::crack_s] C[57/63] => Testing adding 4095 to C[57] with 5000 iterations.
2020-02-07 12:48:22,126 INFO  [oqs_afw::attack::memcmp_frodo::crack_s] using 12636269 as the range we use as the 1%-based sanity checks for all measurments.
2020-02-07 12:48:22,130 DEBUG [oqs_afw::attack::memcmp_frodo::crack_s] percentage measurment is 20.54311774461028
2020-02-07 12:48:22,130 DEBUG [oqs_afw::attack::memcmp_frodo::crack_s] Saving measurments to file "data/profiling-1344-laptop-countminval-10000-5000-3.csv"
2020-02-07 12:48:22,146 INFO  [oqs_afw::attack::memcmp_frodo::crack_s] C[57/63] => Percentage of values below limit for low amount of modifications: 20.54311774461028
2020-02-07 12:48:22,150 INFO  [oqs_afw::attack::memcmp_frodo::crack_s] New threshold is: Threshold { goodhighrange: 15.655263829607275.., goodlowrange: ..5.879555999601265, midpoint: 10.76740991460427 } (diff: 19.551415660012022)
2020-02-07 12:48:22,155 DEBUG [oqs_afw::attack::memcmp_frodo::crack_s] C[57/63] => Testing adding 2048 to C[57] with 2500 iterations.
2020-02-07 12:48:49,719 DEBUG [oqs_afw::attack::memcmp_frodo::crack_s] percentage measurment is 22.78118609406953
2020-02-07 12:48:49,719 DEBUG [oqs_afw::attack::memcmp_frodo::crack_s] Saving measurments to file "data/profiling-1344-laptop-countminval-10000-5000-3.csv"
2020-02-07 12:48:49,736 INFO  [oqs_afw::attack::memcmp_frodo::crack_s] C[57/63] => -Lowering upperbound to 2048
2020-02-07 12:48:49,740 DEBUG [oqs_afw::attack::memcmp_frodo::crack_s] Skewing the binsearch uwards, 2048 - (2048 - 0) / 8 = 1792
2020-02-07 12:48:49,740 DEBUG [oqs_afw::attack::memcmp_frodo::crack_s] C[57/63] => Testing adding 1792 to C[57] with 2500 iterations.
2020-02-07 12:49:17,396 DEBUG [oqs_afw::attack::memcmp_frodo::crack_s] percentage measurment is 1.4516129032258065
2020-02-07 12:49:17,396 DEBUG [oqs_afw::attack::memcmp_frodo::crack_s] Saving measurments to file "data/profiling-1344-laptop-countminval-10000-5000-3.csv"
2020-02-07 12:49:17,414 INFO  [oqs_afw::attack::memcmp_frodo::crack_s] C[57/63] => +Raising lowerbound to 1792
2020-02-07 12:49:17,417 DEBUG [oqs_afw::attack::memcmp_frodo::crack_s] C[57/63] => Testing adding 1920 to C[57] with 2500 iterations.
2020-02-07 12:49:44,976 DEBUG [oqs_afw::attack::memcmp_frodo::crack_s] percentage measurment is 22.462896109105497
2020-02-07 12:49:44,976 DEBUG [oqs_afw::attack::memcmp_frodo::crack_s] Saving measurments to file "data/profiling-1344-laptop-countminval-10000-5000-3.csv"
2020-02-07 12:49:44,994 INFO  [oqs_afw::attack::memcmp_frodo::crack_s] C[57/63] => -Lowering upperbound to 1920
2020-02-07 12:49:44,998 DEBUG [oqs_afw::attack::memcmp_frodo::crack_s] C[57/63] => Testing adding 1856 to C[57] with 2500 iterations.
2020-02-07 12:50:12,573 DEBUG [oqs_afw::attack::memcmp_frodo::crack_s] percentage measurment is 0.5035669324381032
2020-02-07 12:50:12,573 DEBUG [oqs_afw::attack::memcmp_frodo::crack_s] Saving measurments to file "data/profiling-1344-laptop-countminval-10000-5000-3.csv"
2020-02-07 12:50:12,592 INFO  [oqs_afw::attack::memcmp_frodo::crack_s] C[57/63] => +Raising lowerbound to 1856
2020-02-07 12:50:12,596 DEBUG [oqs_afw::attack::memcmp_frodo::crack_s] C[57/63] => Testing adding 1888 to C[57] with 2500 iterations.
2020-02-07 12:50:40,173 DEBUG [oqs_afw::attack::memcmp_frodo::crack_s] percentage measurment is 0.62266500622665
2020-02-07 12:50:40,173 DEBUG [oqs_afw::attack::memcmp_frodo::crack_s] Saving measurments to file "data/profiling-1344-laptop-countminval-10000-5000-3.csv"
2020-02-07 12:50:40,192 INFO  [oqs_afw::attack::memcmp_frodo::crack_s] C[57/63] => +Raising lowerbound to 1888
2020-02-07 12:50:40,196 DEBUG [oqs_afw::attack::memcmp_frodo::crack_s] C[57/63] => Testing adding 1904 to C[57] with 2500 iterations.
2020-02-07 12:51:07,754 DEBUG [oqs_afw::attack::memcmp_frodo::crack_s] percentage measurment is 19.45447252306458
2020-02-07 12:51:07,754 DEBUG [oqs_afw::attack::memcmp_frodo::crack_s] Saving measurments to file "data/profiling-1344-laptop-countminval-10000-5000-3.csv"
2020-02-07 12:51:07,774 INFO  [oqs_afw::attack::memcmp_frodo::crack_s] C[57/63] => -Lowering upperbound to 1904
2020-02-07 12:51:07,778 DEBUG [oqs_afw::attack::memcmp_frodo::crack_s] C[57/63] => Testing adding 1896 to C[57] with 2500 iterations.
2020-02-07 12:51:35,338 DEBUG [oqs_afw::attack::memcmp_frodo::crack_s] percentage measurment is 2.0850040096230953
2020-02-07 12:51:35,338 DEBUG [oqs_afw::attack::memcmp_frodo::crack_s] Saving measurments to file "data/profiling-1344-laptop-countminval-10000-5000-3.csv"
2020-02-07 12:51:35,358 INFO  [oqs_afw::attack::memcmp_frodo::crack_s] C[57/63] => +Raising lowerbound to 1896
2020-02-07 12:51:35,362 DEBUG [oqs_afw::attack::memcmp_frodo::crack_s] C[57/63] => Testing adding 1900 to C[57] with 2500 iterations.
2020-02-07 12:52:02,907 ERROR [oqs_afw::attack::memcmp_frodo::crack_s] Sanity check failed: 12625569 not in range 12627211..12639288
2020-02-07 12:52:02,911 WARN  [oqs_afw::attack::memcmp_frodo::crack_s] Retrying the search since we didn't get any results.
2020-02-07 12:52:02,914 INFO  [oqs_afw::attack::memcmp_frodo::crack_s] Starting 2000 warmup iterations without modifications in order to detect a good cutoff value
2020-02-07 12:57:20,323 INFO  [oqs_afw::attack::memcmp_frodo::crack_s] using 12820648 as the cutoff value to remove outliers (minimum warmup latency: 12633246, mean: 12726947).
2020-02-07 12:57:20,323 INFO  [oqs_afw::attack::memcmp_frodo::crack_s] Starting binary search for Eppp[7,1], expect to find x0 = 1900
2020-02-07 12:57:20,323 DEBUG [oqs_afw::attack::memcmp_frodo::crack_s] C[57/63] => Testing adding 1 to C[57] with 5000 iterations.
2020-02-07 12:58:15,438 INFO  [oqs_afw::attack::memcmp_frodo::crack_s] using 12635543 as the valuelimit below which we calculate the percentage of the number of measurments.
2020-02-07 12:58:15,438 DEBUG [oqs_afw::attack::memcmp_frodo::crack_s] percentage measurment is 0.9817671809256662
2020-02-07 12:58:15,438 DEBUG [oqs_afw::attack::memcmp_frodo::crack_s] Saving measurments to file "data/profiling-1344-laptop-countminval-10000-5000-3.csv"
2020-02-07 12:58:15,459 INFO  [oqs_afw::attack::memcmp_frodo::crack_s] C[57/63] => Percentage of values below limit for high amount of modifications: 0.9817671809256662
2020-02-07 12:58:15,459 DEBUG [oqs_afw::attack::memcmp_frodo::crack_s] C[57/63] => Testing adding 4095 to C[57] with 5000 iterations.
2020-02-07 12:59:10,541 INFO  [oqs_afw::attack::memcmp_frodo::crack_s] using 12635543 as the range we use as the 1%-based sanity checks for all measurments.
2020-02-07 12:59:10,541 DEBUG [oqs_afw::attack::memcmp_frodo::crack_s] percentage measurment is 45.72
2020-02-07 12:59:10,542 DEBUG [oqs_afw::attack::memcmp_frodo::crack_s] Saving measurments to file "data/profiling-1344-laptop-countminval-10000-5000-3.csv"
2020-02-07 12:59:10,563 INFO  [oqs_afw::attack::memcmp_frodo::crack_s] C[57/63] => Percentage of values below limit for low amount of modifications: 45.72
2020-02-07 12:59:10,563 INFO  [oqs_afw::attack::memcmp_frodo::crack_s] New threshold is: Threshold { goodhighrange: 34.535441795231414.., goodlowrange: ..12.16632538569425, midpoint: 23.350883590462832 } (diff: 44.738232819074334)
2020-02-07 12:59:10,563 DEBUG [oqs_afw::attack::memcmp_frodo::crack_s] C[57/63] => Testing adding 2048 to C[57] with 2500 iterations.
2020-02-07 12:59:38,121 DEBUG [oqs_afw::attack::memcmp_frodo::crack_s] percentage measurment is 41.75824175824176
2020-02-07 12:59:38,121 DEBUG [oqs_afw::attack::memcmp_frodo::crack_s] Saving measurments to file "data/profiling-1344-laptop-countminval-10000-5000-3.csv"
2020-02-07 12:59:38,143 INFO  [oqs_afw::attack::memcmp_frodo::crack_s] C[57/63] => -Lowering upperbound to 2048
2020-02-07 12:59:38,143 DEBUG [oqs_afw::attack::memcmp_frodo::crack_s] Skewing the binsearch uwards, 2048 - (2048 - 0) / 8 = 1792
2020-02-07 12:59:38,143 DEBUG [oqs_afw::attack::memcmp_frodo::crack_s] C[57/63] => Testing adding 1792 to C[57] with 2500 iterations.
