2020-02-08 14:48:17,659 DEBUG [oqs_afw] command line arguments parsed: ProgramArgs { loglevel: Debug, command: Attack(AttackOptions { attack: MemcmpFrodoCrackS { params: FrodoKem1344aes, warmup: 2000, profiling: 5000, iterations: 2500, save_to_file: Some("./data/profiling-1344-laptop-countminval-10000-5000-4.csv"), measure_source: External } }) }
2020-02-08 14:48:17,659 INFO  [oqs_afw::attack::memcmp_frodo::crack_s] Launching the crack_s routine against FrodoKem1344aes MEMCMP vulnerability.
2020-02-08 14:48:17,660 INFO  [oqs_afw::attack::memcmp_frodo::crack_s] Generating keypair
2020-02-08 14:48:17,674 INFO  [oqs_afw::attack::memcmp_frodo] Setting CPU affinity to core: CoreId { id: 1 }, other candidates were: [CoreId { id: 0 }]
2020-02-08 14:48:17,675 INFO  [oqs_afw::attack::memcmp_frodo::crack_s] Using encaps to generate ciphertext number: 0
2020-02-08 14:48:17,682 INFO  [oqs_afw::attack::memcmp_frodo::crack_s] Starting 2000 warmup iterations without modifications in order to detect a good cutoff value
2020-02-08 14:48:42,443 INFO  [oqs_afw::attack::memcmp_frodo::crack_s] using 14286709 as the cutoff value to remove outliers (minimum warmup latency: 14123191, mean: 14204950).
2020-02-08 14:48:42,443 INFO  [oqs_afw::attack::memcmp_frodo::crack_s] Starting binary search for Eppp[7,0], expect to find x0 = 1935
2020-02-08 14:48:42,443 DEBUG [oqs_afw::attack::memcmp_frodo::crack_s] C[56/63] => Testing adding 1 to C[56] with 5000 iterations.
2020-02-08 14:49:44,441 INFO  [oqs_afw::attack::memcmp_frodo::crack_s] using 14134921 as the valuelimit below which we calculate the percentage of the number of measurments.
2020-02-08 14:49:44,441 DEBUG [oqs_afw::attack::memcmp_frodo::crack_s] percentage measurment is 0.9884213499011578
2020-02-08 14:49:44,441 DEBUG [oqs_afw::attack::memcmp_frodo::crack_s] Saving measurments to file "./data/profiling-1344-laptop-countminval-10000-5000-4.csv"
2020-02-08 14:49:44,449 INFO  [oqs_afw::attack::memcmp_frodo::crack_s] C[56/63] => Percentage of values below limit for high amount of modifications: 0.9884213499011578
2020-02-08 14:49:44,449 DEBUG [oqs_afw::attack::memcmp_frodo::crack_s] C[56/63] => Testing adding 4095 to C[56] with 5000 iterations.
2020-02-08 14:50:46,605 INFO  [oqs_afw::attack::memcmp_frodo::crack_s] using Some(..14136431) as the range we use as the 1%-based sanity checks for all measurments.
2020-02-08 14:50:46,605 DEBUG [oqs_afw::attack::memcmp_frodo::crack_s] percentage measurment is 9.12655971479501
2020-02-08 14:50:46,605 DEBUG [oqs_afw::attack::memcmp_frodo::crack_s] Saving measurments to file "./data/profiling-1344-laptop-countminval-10000-5000-4.csv"
2020-02-08 14:50:46,606 INFO  [oqs_afw::attack::memcmp_frodo::crack_s] C[56/63] => Percentage of values below limit for low amount of modifications: 9.12655971479501
2020-02-08 14:50:46,606 INFO  [oqs_afw::attack::memcmp_frodo::crack_s] New threshold is: Threshold { goodhighrange: 7.092025123571546.., goodlowrange: ..3.0229559411246205, midpoint: 5.057490532348083 } (diff: 8.138138364893852)
2020-02-08 14:50:46,606 DEBUG [oqs_afw::attack::memcmp_frodo::crack_s] C[56/63] => Testing adding 2048 to C[56] with 2500 iterations.
2020-02-08 14:51:17,541 DEBUG [oqs_afw::attack::memcmp_frodo::crack_s] percentage measurment is 7.624200688637482
2020-02-08 14:51:17,541 DEBUG [oqs_afw::attack::memcmp_frodo::crack_s] Saving measurments to file "./data/profiling-1344-laptop-countminval-10000-5000-4.csv"
2020-02-08 14:51:17,543 INFO  [oqs_afw::attack::memcmp_frodo::crack_s] C[56/63] => -Lowering upperbound to 2048
2020-02-08 14:51:17,543 DEBUG [oqs_afw::attack::memcmp_frodo::crack_s] Skewing the binsearch uwards, 2048 - (2048 - 0) / 8 = 1792
2020-02-08 14:51:17,543 DEBUG [oqs_afw::attack::memcmp_frodo::crack_s] C[56/63] => Testing adding 1792 to C[56] with 2500 iterations.
2020-02-08 14:51:48,505 ERROR [oqs_afw::attack::memcmp_frodo::crack_s] Sanity check failed: 14137019 not in range ..14136431
2020-02-08 14:51:48,505 WARN  [oqs_afw::attack::memcmp_frodo::crack_s] Retrying the search since we didn't get any results.
2020-02-08 14:51:48,505 INFO  [oqs_afw::attack::memcmp_frodo::crack_s] Starting 2000 warmup iterations without modifications in order to detect a good cutoff value
2020-02-08 14:52:13,298 INFO  [oqs_afw::attack::memcmp_frodo::crack_s] using 14316550 as the cutoff value to remove outliers (minimum warmup latency: 14134456, mean: 14225503).
2020-02-08 14:52:13,298 INFO  [oqs_afw::attack::memcmp_frodo::crack_s] Starting binary search for Eppp[7,0], expect to find x0 = 1935
2020-02-08 14:52:13,298 DEBUG [oqs_afw::attack::memcmp_frodo::crack_s] C[56/63] => Testing adding 1 to C[56] with 5000 iterations.
2020-02-08 14:53:15,426 INFO  [oqs_afw::attack::memcmp_frodo::crack_s] using 14136748 as the valuelimit below which we calculate the percentage of the number of measurments.
2020-02-08 14:53:15,426 DEBUG [oqs_afw::attack::memcmp_frodo::crack_s] percentage measurment is 0.9843659525188188
2020-02-08 14:53:15,426 DEBUG [oqs_afw::attack::memcmp_frodo::crack_s] Saving measurments to file "./data/profiling-1344-laptop-countminval-10000-5000-4.csv"
2020-02-08 14:53:15,428 INFO  [oqs_afw::attack::memcmp_frodo::crack_s] C[56/63] => Percentage of values below limit for high amount of modifications: 0.9843659525188188
2020-02-08 14:53:15,428 DEBUG [oqs_afw::attack::memcmp_frodo::crack_s] C[56/63] => Testing adding 4095 to C[56] with 5000 iterations.
2020-02-08 14:54:17,316 INFO  [oqs_afw::attack::memcmp_frodo::crack_s] using Some(..14139246) as the range we use as the 1%-based sanity checks for all measurments.
2020-02-08 14:54:17,316 DEBUG [oqs_afw::attack::memcmp_frodo::crack_s] percentage measurment is 14.983325393044305
2020-02-08 14:54:17,316 DEBUG [oqs_afw::attack::memcmp_frodo::crack_s] Saving measurments to file "./data/profiling-1344-laptop-countminval-10000-5000-4.csv"
2020-02-08 14:54:17,319 INFO  [oqs_afw::attack::memcmp_frodo::crack_s] C[56/63] => Percentage of values below limit for low amount of modifications: 14.983325393044305
2020-02-08 14:54:17,319 INFO  [oqs_afw::attack::memcmp_frodo::crack_s] New threshold is: Threshold { goodhighrange: 11.483585532912933.., goodlowrange: ..4.48410581265019, midpoint: 7.9838456727815625 } (diff: 13.998959440525487)
2020-02-08 14:54:17,319 DEBUG [oqs_afw::attack::memcmp_frodo::crack_s] C[56/63] => Testing adding 2048 to C[56] with 2500 iterations.
2020-02-08 14:54:48,276 DEBUG [oqs_afw::attack::memcmp_frodo::crack_s] percentage measurment is 12.25710014947683
2020-02-08 14:54:48,276 DEBUG [oqs_afw::attack::memcmp_frodo::crack_s] Saving measurments to file "./data/profiling-1344-laptop-countminval-10000-5000-4.csv"
2020-02-08 14:54:48,279 INFO  [oqs_afw::attack::memcmp_frodo::crack_s] C[56/63] => -Lowering upperbound to 2048
2020-02-08 14:54:48,279 DEBUG [oqs_afw::attack::memcmp_frodo::crack_s] Skewing the binsearch uwards, 2048 - (2048 - 0) / 8 = 1792
2020-02-08 14:54:48,279 DEBUG [oqs_afw::attack::memcmp_frodo::crack_s] C[56/63] => Testing adding 1792 to C[56] with 2500 iterations.
2020-02-08 14:55:19,225 DEBUG [oqs_afw::attack::memcmp_frodo::crack_s] percentage measurment is 1.5311004784688995
2020-02-08 14:55:19,225 DEBUG [oqs_afw::attack::memcmp_frodo::crack_s] Saving measurments to file "./data/profiling-1344-laptop-countminval-10000-5000-4.csv"
2020-02-08 14:55:19,229 INFO  [oqs_afw::attack::memcmp_frodo::crack_s] C[56/63] => +Raising lowerbound to 1792
2020-02-08 14:55:19,229 DEBUG [oqs_afw::attack::memcmp_frodo::crack_s] C[56/63] => Testing adding 1920 to C[56] with 2500 iterations.
2020-02-08 14:55:50,176 DEBUG [oqs_afw::attack::memcmp_frodo::crack_s] percentage measurment is 1.9801980198019802
2020-02-08 14:55:50,176 DEBUG [oqs_afw::attack::memcmp_frodo::crack_s] Saving measurments to file "./data/profiling-1344-laptop-countminval-10000-5000-4.csv"
2020-02-08 14:55:50,179 INFO  [oqs_afw::attack::memcmp_frodo::crack_s] C[56/63] => +Raising lowerbound to 1920
2020-02-08 14:55:50,179 DEBUG [oqs_afw::attack::memcmp_frodo::crack_s] C[56/63] => Testing adding 1984 to C[56] with 2500 iterations.
2020-02-08 14:56:21,216 DEBUG [oqs_afw::attack::memcmp_frodo::crack_s] percentage measurment is 10.294117647058822
2020-02-08 14:56:21,216 DEBUG [oqs_afw::attack::memcmp_frodo::crack_s] Saving measurments to file "./data/profiling-1344-laptop-countminval-10000-5000-4.csv"
2020-02-08 14:56:21,221 ERROR [oqs_afw::attack::memcmp_frodo::crack_s] percentage 10.294117647058822 outside of expected ranges: Threshold { goodhighrange: 11.483585532912933.., goodlowrange: ..4.48410581265019, midpoint: 7.9838456727815625 }
2020-02-08 14:56:21,221 WARN  [oqs_afw::attack::memcmp_frodo::crack_s] Adding more measurments of the same modification!
2020-02-08 14:56:21,221 DEBUG [oqs_afw::attack::memcmp_frodo::crack_s] C[56/63] => Testing adding 1984 to C[56] with 2500 iterations.
2020-02-08 14:56:52,184 DEBUG [oqs_afw::attack::memcmp_frodo::crack_s] percentage measurment is 4.848966613672496
2020-02-08 14:56:52,184 DEBUG [oqs_afw::attack::memcmp_frodo::crack_s] Saving measurments to file "./data/profiling-1344-laptop-countminval-10000-5000-4.csv"
2020-02-08 14:56:52,189 ERROR [oqs_afw::attack::memcmp_frodo::crack_s] percentage 4.848966613672496 outside of expected ranges: Threshold { goodhighrange: 11.483585532912933.., goodlowrange: ..4.48410581265019, midpoint: 7.9838456727815625 }
2020-02-08 14:56:52,189 WARN  [oqs_afw::attack::memcmp_frodo::crack_s] Adding more measurments of the same modification!
2020-02-08 14:56:52,189 DEBUG [oqs_afw::attack::memcmp_frodo::crack_s] C[56/63] => Testing adding 1984 to C[56] with 2500 iterations.
2020-02-08 14:57:23,169 DEBUG [oqs_afw::attack::memcmp_frodo::crack_s] percentage measurment is 3.2320055904961564
2020-02-08 14:57:23,169 DEBUG [oqs_afw::attack::memcmp_frodo::crack_s] Saving measurments to file "./data/profiling-1344-laptop-countminval-10000-5000-4.csv"
2020-02-08 14:57:23,174 INFO  [oqs_afw::attack::memcmp_frodo::crack_s] C[56/63] => +Raising lowerbound to 1984
2020-02-08 14:57:23,174 WARN  [oqs_afw::attack::memcmp_frodo::crack_s] Upperbound (2048) has not changed for a while, it might be erronous, let's check it again
2020-02-08 14:57:23,174 DEBUG [oqs_afw::attack::memcmp_frodo::crack_s] C[56/63] => Testing adding 2048 to C[56] with 2500 iterations.
2020-02-08 14:57:54,202 ERROR [oqs_afw::attack::memcmp_frodo::crack_s] Sanity check failed: 14140768 not in range ..14139246
2020-02-08 14:57:54,202 WARN  [oqs_afw::attack::memcmp_frodo::crack_s] Retrying the search since we didn't get any results.
2020-02-08 14:57:54,202 INFO  [oqs_afw::attack::memcmp_frodo::crack_s] Starting 2000 warmup iterations without modifications in order to detect a good cutoff value
2020-02-08 14:58:18,963 INFO  [oqs_afw::attack::memcmp_frodo::crack_s] using 14266318 as the cutoff value to remove outliers (minimum warmup latency: 14143896, mean: 14205107).
2020-02-08 14:58:18,963 INFO  [oqs_afw::attack::memcmp_frodo::crack_s] Starting binary search for Eppp[7,0], expect to find x0 = 1935
2020-02-08 14:58:18,963 DEBUG [oqs_afw::attack::memcmp_frodo::crack_s] C[56/63] => Testing adding 1 to C[56] with 5000 iterations.
2020-02-08 14:59:20,883 INFO  [oqs_afw::attack::memcmp_frodo::crack_s] using 14145271 as the valuelimit below which we calculate the percentage of the number of measurments.
2020-02-08 14:59:20,883 DEBUG [oqs_afw::attack::memcmp_frodo::crack_s] percentage measurment is 0.9936305732484076
2020-02-08 14:59:20,883 DEBUG [oqs_afw::attack::memcmp_frodo::crack_s] Saving measurments to file "./data/profiling-1344-laptop-countminval-10000-5000-4.csv"
2020-02-08 14:59:20,889 INFO  [oqs_afw::attack::memcmp_frodo::crack_s] C[56/63] => Percentage of values below limit for high amount of modifications: 0.9936305732484076
2020-02-08 14:59:20,889 DEBUG [oqs_afw::attack::memcmp_frodo::crack_s] C[56/63] => Testing adding 4095 to C[56] with 5000 iterations.
2020-02-08 15:00:22,961 INFO  [oqs_afw::attack::memcmp_frodo::crack_s] using Some(..14147265) as the range we use as the 1%-based sanity checks for all measurments.
2020-02-08 15:00:22,961 DEBUG [oqs_afw::attack::memcmp_frodo::crack_s] percentage measurment is 16.381495564005068
2020-02-08 15:00:22,961 DEBUG [oqs_afw::attack::memcmp_frodo::crack_s] Saving measurments to file "./data/profiling-1344-laptop-countminval-10000-5000-4.csv"
2020-02-08 15:00:22,968 INFO  [oqs_afw::attack::memcmp_frodo::crack_s] C[56/63] => Percentage of values below limit for low amount of modifications: 16.381495564005068
2020-02-08 15:00:22,968 INFO  [oqs_afw::attack::memcmp_frodo::crack_s] New threshold is: Threshold { goodhighrange: 12.534529316315902.., goodlowrange: ..4.840596820937573, midpoint: 8.687563068626737 } (diff: 15.38786499075666)
2020-02-08 15:00:22,968 DEBUG [oqs_afw::attack::memcmp_frodo::crack_s] C[56/63] => Testing adding 2048 to C[56] with 2500 iterations.
2020-02-08 15:00:53,927 DEBUG [oqs_afw::attack::memcmp_frodo::crack_s] percentage measurment is 16.894018887722982
2020-02-08 15:00:53,927 DEBUG [oqs_afw::attack::memcmp_frodo::crack_s] Saving measurments to file "./data/profiling-1344-laptop-countminval-10000-5000-4.csv"
2020-02-08 15:00:53,934 INFO  [oqs_afw::attack::memcmp_frodo::crack_s] C[56/63] => -Lowering upperbound to 2048
2020-02-08 15:00:53,934 DEBUG [oqs_afw::attack::memcmp_frodo::crack_s] Skewing the binsearch uwards, 2048 - (2048 - 0) / 8 = 1792
2020-02-08 15:00:53,934 DEBUG [oqs_afw::attack::memcmp_frodo::crack_s] C[56/63] => Testing adding 1792 to C[56] with 2500 iterations.
2020-02-08 15:01:24,909 DEBUG [oqs_afw::attack::memcmp_frodo::crack_s] percentage measurment is 36.67400881057269
2020-02-08 15:01:24,909 DEBUG [oqs_afw::attack::memcmp_frodo::crack_s] Saving measurments to file "./data/profiling-1344-laptop-countminval-10000-5000-4.csv"
2020-02-08 15:01:24,917 INFO  [oqs_afw::attack::memcmp_frodo::crack_s] C[56/63] => -Lowering upperbound to 1792
2020-02-08 15:01:24,917 DEBUG [oqs_afw::attack::memcmp_frodo::crack_s] Skewing the binsearch uwards, 1792 - (1792 - 0) / 8 = 1568
2020-02-08 15:01:24,917 DEBUG [oqs_afw::attack::memcmp_frodo::crack_s] C[56/63] => Testing adding 1568 to C[56] with 2500 iterations.
2020-02-08 15:01:55,942 DEBUG [oqs_afw::attack::memcmp_frodo::crack_s] percentage measurment is 2.3955773955773956
2020-02-08 15:01:55,942 DEBUG [oqs_afw::attack::memcmp_frodo::crack_s] Saving measurments to file "./data/profiling-1344-laptop-countminval-10000-5000-4.csv"
2020-02-08 15:01:55,950 INFO  [oqs_afw::attack::memcmp_frodo::crack_s] C[56/63] => +Raising lowerbound to 1568
2020-02-08 15:01:55,950 DEBUG [oqs_afw::attack::memcmp_frodo::crack_s] C[56/63] => Testing adding 1680 to C[56] with 2500 iterations.
2020-02-08 15:02:26,930 DEBUG [oqs_afw::attack::memcmp_frodo::crack_s] percentage measurment is 1.4023732470334414
2020-02-08 15:02:26,930 DEBUG [oqs_afw::attack::memcmp_frodo::crack_s] Saving measurments to file "./data/profiling-1344-laptop-countminval-10000-5000-4.csv"
2020-02-08 15:02:26,938 INFO  [oqs_afw::attack::memcmp_frodo::crack_s] C[56/63] => +Raising lowerbound to 1680
2020-02-08 15:02:26,938 DEBUG [oqs_afw::attack::memcmp_frodo::crack_s] C[56/63] => Testing adding 1736 to C[56] with 2500 iterations.
2020-02-08 15:02:57,946 DEBUG [oqs_afw::attack::memcmp_frodo::crack_s] percentage measurment is 1.31956397016638
2020-02-08 15:02:57,946 DEBUG [oqs_afw::attack::memcmp_frodo::crack_s] Saving measurments to file "./data/profiling-1344-laptop-countminval-10000-5000-4.csv"
2020-02-08 15:02:57,955 INFO  [oqs_afw::attack::memcmp_frodo::crack_s] C[56/63] => +Raising lowerbound to 1736
2020-02-08 15:02:57,955 WARN  [oqs_afw::attack::memcmp_frodo::crack_s] Upperbound (1792) has not changed for a while, it might be erronous, let's check it again
2020-02-08 15:02:57,955 DEBUG [oqs_afw::attack::memcmp_frodo::crack_s] C[56/63] => Testing adding 1792 to C[56] with 2500 iterations.
2020-02-08 15:03:28,959 DEBUG [oqs_afw::attack::memcmp_frodo::crack_s] percentage measurment is 0.9137635636778983
2020-02-08 15:03:28,959 DEBUG [oqs_afw::attack::memcmp_frodo::crack_s] Saving measurments to file "./data/profiling-1344-laptop-countminval-10000-5000-4.csv"
2020-02-08 15:03:28,968 ERROR [oqs_afw::attack::memcmp_frodo::crack_s] C[56/63] => Conflicting results for upperbound 1792!
2020-02-08 15:03:28,968 WARN  [oqs_afw::attack::memcmp_frodo::crack_s] Retrying the search since we didn't get any results.
2020-02-08 15:03:28,968 INFO  [oqs_afw::attack::memcmp_frodo::crack_s] Starting 2000 warmup iterations without modifications in order to detect a good cutoff value
2020-02-08 15:03:53,726 INFO  [oqs_afw::attack::memcmp_frodo::crack_s] using 14291189 as the cutoff value to remove outliers (minimum warmup latency: 14125997, mean: 14208593).
2020-02-08 15:03:53,726 INFO  [oqs_afw::attack::memcmp_frodo::crack_s] Starting binary search for Eppp[7,0], expect to find x0 = 1935
2020-02-08 15:03:53,726 DEBUG [oqs_afw::attack::memcmp_frodo::crack_s] C[56/63] => Testing adding 1 to C[56] with 5000 iterations.
2020-02-08 15:04:55,637 INFO  [oqs_afw::attack::memcmp_frodo::crack_s] using 14136467 as the valuelimit below which we calculate the percentage of the number of measurments.
2020-02-08 15:04:55,637 DEBUG [oqs_afw::attack::memcmp_frodo::crack_s] percentage measurment is 0.9974424552429667
2020-02-08 15:04:55,637 DEBUG [oqs_afw::attack::memcmp_frodo::crack_s] Saving measurments to file "./data/profiling-1344-laptop-countminval-10000-5000-4.csv"
2020-02-08 15:04:55,647 INFO  [oqs_afw::attack::memcmp_frodo::crack_s] C[56/63] => Percentage of values below limit for high amount of modifications: 0.9974424552429667
2020-02-08 15:04:55,647 DEBUG [oqs_afw::attack::memcmp_frodo::crack_s] C[56/63] => Testing adding 4095 to C[56] with 5000 iterations.
2020-02-08 15:05:57,960 INFO  [oqs_afw::attack::memcmp_frodo::crack_s] using Some(..9223372036868910133) as the range we use as the 1%-based sanity checks for all measurments.
2020-02-08 15:05:57,960 DEBUG [oqs_afw::attack::memcmp_frodo::crack_s] percentage measurment is 0.14443909484833894
2020-02-08 15:05:57,960 DEBUG [oqs_afw::attack::memcmp_frodo::crack_s] Saving measurments to file "./data/profiling-1344-laptop-countminval-10000-5000-4.csv"
2020-02-08 15:05:57,970 INFO  [oqs_afw::attack::memcmp_frodo::crack_s] C[56/63] => Percentage of values below limit for low amount of modifications: 0.14443909484833894
2020-02-08 15:05:57,970 ERROR [oqs_afw::attack::memcmp_frodo::crack_s] threshold high (0.14443909484833894) <=  LOW_PERCENTAGE_LIMIT (2.5)
2020-02-08 15:05:57,970 WARN  [oqs_afw::attack::memcmp_frodo::crack_s] Retrying the search since we didn't get any results.
2020-02-08 15:05:57,970 INFO  [oqs_afw::attack::memcmp_frodo::crack_s] Starting 2000 warmup iterations without modifications in order to detect a good cutoff value
2020-02-08 15:06:22,748 INFO  [oqs_afw::attack::memcmp_frodo::crack_s] using 14298882 as the cutoff value to remove outliers (minimum warmup latency: 14135938, mean: 14217410).
2020-02-08 15:06:22,748 INFO  [oqs_afw::attack::memcmp_frodo::crack_s] Starting binary search for Eppp[7,0], expect to find x0 = 1935
2020-02-08 15:06:22,748 DEBUG [oqs_afw::attack::memcmp_frodo::crack_s] C[56/63] => Testing adding 1 to C[56] with 5000 iterations.
2020-02-08 15:07:24,800 INFO  [oqs_afw::attack::memcmp_frodo::crack_s] using 14144862 as the valuelimit below which we calculate the percentage of the number of measurments.
2020-02-08 15:07:24,800 DEBUG [oqs_afw::attack::memcmp_frodo::crack_s] percentage measurment is 0.9823750361167293
2020-02-08 15:07:24,800 DEBUG [oqs_afw::attack::memcmp_frodo::crack_s] Saving measurments to file "./data/profiling-1344-laptop-countminval-10000-5000-4.csv"
2020-02-08 15:07:24,810 INFO  [oqs_afw::attack::memcmp_frodo::crack_s] C[56/63] => Percentage of values below limit for high amount of modifications: 0.9823750361167293
2020-02-08 15:07:24,810 DEBUG [oqs_afw::attack::memcmp_frodo::crack_s] C[56/63] => Testing adding 4095 to C[56] with 5000 iterations.
2020-02-08 15:08:27,391 INFO  [oqs_afw::attack::memcmp_frodo::crack_s] using Some(..14146955) as the range we use as the 1%-based sanity checks for all measurments.
2020-02-08 15:08:27,391 DEBUG [oqs_afw::attack::memcmp_frodo::crack_s] percentage measurment is 12.771560236998026
2020-02-08 15:08:27,391 DEBUG [oqs_afw::attack::memcmp_frodo::crack_s] Saving measurments to file "./data/profiling-1344-laptop-countminval-10000-5000-4.csv"
2020-02-08 15:08:27,402 INFO  [oqs_afw::attack::memcmp_frodo::crack_s] C[56/63] => Percentage of values below limit for low amount of modifications: 12.771560236998026
2020-02-08 15:08:27,402 INFO  [oqs_afw::attack::memcmp_frodo::crack_s] New threshold is: Threshold { goodhighrange: 9.824263936777701.., goodlowrange: ..3.9296713363370537, midpoint: 6.876967636557378 } (diff: 11.789185200881297)
2020-02-08 15:08:27,402 DEBUG [oqs_afw::attack::memcmp_frodo::crack_s] C[56/63] => Testing adding 2048 to C[56] with 2500 iterations.
2020-02-08 15:08:58,352 DEBUG [oqs_afw::attack::memcmp_frodo::crack_s] percentage measurment is 44.566850275413124
2020-02-08 15:08:58,352 DEBUG [oqs_afw::attack::memcmp_frodo::crack_s] Saving measurments to file "./data/profiling-1344-laptop-countminval-10000-5000-4.csv"
2020-02-08 15:08:58,363 INFO  [oqs_afw::attack::memcmp_frodo::crack_s] C[56/63] => -Lowering upperbound to 2048
2020-02-08 15:08:58,363 DEBUG [oqs_afw::attack::memcmp_frodo::crack_s] Skewing the binsearch uwards, 2048 - (2048 - 0) / 8 = 1792
2020-02-08 15:08:58,363 DEBUG [oqs_afw::attack::memcmp_frodo::crack_s] C[56/63] => Testing adding 1792 to C[56] with 2500 iterations.
2020-02-08 15:09:29,540 DEBUG [oqs_afw::attack::memcmp_frodo::crack_s] percentage measurment is 0.3421727972626176
2020-02-08 15:09:29,540 DEBUG [oqs_afw::attack::memcmp_frodo::crack_s] Saving measurments to file "./data/profiling-1344-laptop-countminval-10000-5000-4.csv"
2020-02-08 15:09:29,552 INFO  [oqs_afw::attack::memcmp_frodo::crack_s] C[56/63] => +Raising lowerbound to 1792
2020-02-08 15:09:29,552 DEBUG [oqs_afw::attack::memcmp_frodo::crack_s] C[56/63] => Testing adding 1920 to C[56] with 2500 iterations.
